<?xml version="1.0" encoding="UTF-8"?>
<!-- Generated by org.testng.reporters.JUnitXMLReporter -->
<testsuite ignored="0" hostname="DESKTOP-3HHJ4BG" failures="10" tests="24" name="Test" time="0.059" errors="0" timestamp="2022-09-10T00:39:13 IDT">
  <testcase classname="DataProvider" name="testCases" time="0.005">
    <failure type="java.lang.AssertionError" message="expected [5.0] but found [2.0]">
      <![CDATA[java.lang.AssertionError: expected [5.0] but found [2.0]
at DataProvider.testCases(DataProvider.java:38)
at java.base/java.util.ArrayList.forEach(ArrayList.java:1511)
... Removed 31 stack frames]]>
    </failure>
  </testcase> <!-- testCases -->
  <testcase classname="DataProvider" name="testCases" time="0.0"/>
  <testcase classname="DataProvider" name="testCases" time="0.0">
    <failure type="java.lang.AssertionError" message="expected [0.0] but found [5.0]">
      <![CDATA[java.lang.AssertionError: expected [0.0] but found [5.0]
at DataProvider.testCases(DataProvider.java:38)
at java.base/java.util.ArrayList.forEach(ArrayList.java:1511)
... Removed 31 stack frames]]>
    </failure>
  </testcase> <!-- testCases -->
  <testcase classname="DataProvider" name="testCases" time="0.001"/>
  <testcase classname="DataProvider" name="testCases" time="0.003"/>
  <testcase classname="DataProvider" name="testCases" time="0.001"/>
  <testcase classname="DataProvider" name="testCases" time="0.001"/>
  <testcase classname="DataProvider" name="testCases" time="0.001">
    <failure type="java.lang.AssertionError" message="expected [1.0] but found [3.0]">
      <![CDATA[java.lang.AssertionError: expected [1.0] but found [3.0]
at DataProvider.testCases(DataProvider.java:55)
at java.base/java.util.ArrayList.forEach(ArrayList.java:1511)
... Removed 31 stack frames]]>
    </failure>
  </testcase> <!-- testCases -->
  <testcase classname="DataProvider" name="testCases" time="0.0"/>
  <testcase classname="DataProvider" name="testCases" time="0.0">
    <failure type="java.lang.AssertionError" message="expected [0.0] but found [78.5]">
      <![CDATA[java.lang.AssertionError: expected [0.0] but found [78.5]
at DataProvider.testCases(DataProvider.java:59)
at java.base/java.util.ArrayList.forEach(ArrayList.java:1511)
... Removed 31 stack frames]]>
    </failure>
  </testcase> <!-- testCases -->
  <testcase classname="DataProvider" name="testCases" time="0.0">
    <failure type="java.lang.AssertionError" message="expected [131.88] but found [131.87]">
      <![CDATA[java.lang.AssertionError: expected [131.88] but found [131.87]
at DataProvider.testCases(DataProvider.java:63)
at java.base/java.util.ArrayList.forEach(ArrayList.java:1511)
... Removed 31 stack frames]]>
    </failure>
  </testcase> <!-- testCases -->
  <testcase classname="DataProvider" name="testCases" time="0.001"/>
  <testcase classname="Classes.Circle" name="testArea on * Circle with :
- radius= 0.0
&gt; Area= 0.0" time="0.001">
    <failure type="java.lang.AssertionError" message="expected [0.0] but found [78.5]">
      <![CDATA[java.lang.AssertionError: expected [0.0] but found [78.5]
at Classes.Circle.testArea(Circle.java:30)
at java.base/java.util.ArrayList.forEach(ArrayList.java:1511)
... Removed 31 stack frames]]>
    </failure>
  </testcase> <!-- testArea on * Circle with :
- radius= 0.0
> Area= 0.0 -->
  <testcase classname="Classes.Circle" name="testArea on * Circle with :
- radius= 5.0
&gt; Area= 78.5" time="0.0"/>
  <testcase classname="Classes.Ellipse" name="testArea on * Ellipse with :
- semiMajorAxis= 7.0
- semiMinorAxis6.0
&gt; Area= 131.88" time="0.0">
    <failure type="java.lang.AssertionError" message="expected [131.88] but found [131.87]">
      <![CDATA[java.lang.AssertionError: expected [131.88] but found [131.87]
at Classes.Ellipse.testArea(Ellipse.java:36)
at java.base/java.util.ArrayList.forEach(ArrayList.java:1511)
... Removed 31 stack frames]]>
    </failure>
  </testcase> <!-- testArea on * Ellipse with :
- semiMajorAxis= 7.0
- semiMinorAxis6.0
> Area= 131.88 -->
  <testcase classname="Classes.Parallelogram" name="testArea on * Parallelogram with :
- width = 2.0
- high=4.0
&gt; Area= 8.0" time="0.0"/>
  <testcase classname="Classes.Rectangle" name="testArea on * Rectangle with:
- width = 4.0
- high= 5.0
&gt; Area= 20.0" time="0.001"/>
  <testcase classname="Classes.Sector" name="testArea on * Sector with :
- Radius= 4.0
- Angle 180.0
&gt; Area= 25.12" time="0.0"/>
  <testcase classname="Classes.Square" name="testArea on * Square with 
- Sides= 2.0
&gt; Area= 4.0" time="0.0"/>
  <testcase classname="Classes.Trapezoid" name="testArea on * Trapezoid with :
- First width= 2.0
- second width =0.0
- high = 1.0
&gt; Area= 1.0" time="0.0">
    <failure type="java.lang.AssertionError" message="expected [1.0] but found [3.0]">
      <![CDATA[java.lang.AssertionError: expected [1.0] but found [3.0]
at Classes.Trapezoid.testArea(Trapezoid.java:41)
at java.base/java.util.ArrayList.forEach(ArrayList.java:1511)
... Removed 31 stack frames]]>
    </failure>
  </testcase> <!-- testArea on * Trapezoid with :
- First width= 2.0
- second width =0.0
- high = 1.0
> Area= 1.0 -->
  <testcase classname="Classes.Trapezoid" name="testArea on * Trapezoid with :
- First width= 2.0
- second width =4.0
- high = 1.0
&gt; Area= 3.0" time="0.0"/>
  <testcase classname="Classes.Triangle" name="testArea on * Triangle with:
- width= 5.0
- high =0.0
&gt; Area= 0.0" time="0.001">
    <failure type="java.lang.AssertionError" message="expected [0.0] but found [5.0]">
      <![CDATA[java.lang.AssertionError: expected [0.0] but found [5.0]
at Classes.Triangle.testArea(Triangle.java:36)
at java.base/java.util.ArrayList.forEach(ArrayList.java:1511)
... Removed 31 stack frames]]>
    </failure>
  </testcase> <!-- testArea on * Triangle with:
- width= 5.0
- high =0.0
> Area= 0.0 -->
  <testcase classname="Classes.Triangle" name="testArea on * Triangle with:
- width= 5.0
- high =2.0
&gt; Area= 5.0" time="0.0">
    <failure type="java.lang.AssertionError" message="expected [5.0] but found [2.0]">
      <![CDATA[java.lang.AssertionError: expected [5.0] but found [2.0]
at Classes.Triangle.testArea(Triangle.java:36)
at java.base/java.util.ArrayList.forEach(ArrayList.java:1511)
... Removed 31 stack frames]]>
    </failure>
  </testcase> <!-- testArea on * Triangle with:
- width= 5.0
- high =2.0
> Area= 5.0 -->
  <testcase classname="Classes.Triangle" name="testArea on * Triangle with:
- width= 5.0
- high =2.0
&gt; Area= 5.0" time="0.0"/>
</testsuite> <!-- Test -->
